<?xml version="1.0" encoding="UTF-8"?>
<testsuite xmlns:xsi="http://www.w3.org/2001/XMLSchema-instance" xsi:noNamespaceSchemaLocation="https://maven.apache.org/surefire/maven-surefire-plugin/xsd/surefire-test-report-3.0.xsd" version="3.0" name="com.example.citas.ApiValidationAndCitaIntegrationTest" time="11.061" tests="8" errors="0" skipped="0" failures="0">
  <properties>
[...]
</properties>
  <testcase name="getNoExiste" classname="com.example.citas.ApiValidationAndCitaIntegrationTest" time="0.678">
    <system-out><![CDATA[11:06:20.443 [main] INFO org.springframework.test.context.support.AnnotationConfigContextLoaderUtils -- Could not detect default configuration classes for test class [com.example.citas.ApiValidationAndCitaIntegrationTest]: ApiValidationAndCitaIntegrationTest does not declare any static, non-private, non-final, nested classes annotated with @Configuration.
11:06:20.584 [main] INFO org.springframework.boot.test.context.SpringBootTestContextBootstrapper -- Found @SpringBootConfiguration com.example.citas.CitasApiApplication for test class com.example.citas.ApiValidationAndCitaIntegrationTest

  .   ____          _            __ _ _
 /\\ / ___'_ __ _ _(_)_ __  __ _ \ \ \ \
( ( )\___ | '_ | '_| | '_ \/ _` | \ \ \ \
 \\/  ___)| |_)| | | | | || (_| |  ) ) ) )
  '  |____| .__|_| |_|_| |_\__, | / / / /
 =========|_|==============|___/=/_/_/_/

 :: Spring Boot ::                (v3.5.4)

2025-08-15T11:06:21.188-05:00  INFO 3520 --- [citas-api] [           main] .e.c.ApiValidationAndCitaIntegrationTest : Starting ApiValidationAndCitaIntegrationTest using Java 24.0.1 with PID 3520 (started by santi in C:\Users\santi\Downloads\Clinica\citas_api)
2025-08-15T11:06:21.190-05:00  INFO 3520 --- [citas-api] [           main] .e.c.ApiValidationAndCitaIntegrationTest : No active profile set, falling back to 1 default profile: "default"
2025-08-15T11:06:21.994-05:00  INFO 3520 --- [citas-api] [           main] .s.d.r.c.RepositoryConfigurationDelegate : Bootstrapping Spring Data JPA repositories in DEFAULT mode.
2025-08-15T11:06:22.098-05:00  INFO 3520 --- [citas-api] [           main] .s.d.r.c.RepositoryConfigurationDelegate : Finished Spring Data repository scanning in 82 ms. Found 4 JPA repository interfaces.
2025-08-15T11:06:22.955-05:00  INFO 3520 --- [citas-api] [           main] o.s.b.w.embedded.tomcat.TomcatWebServer  : Tomcat initialized with port 0 (http)
2025-08-15T11:06:22.972-05:00  INFO 3520 --- [citas-api] [           main] o.apache.catalina.core.StandardService   : Starting service [Tomcat]
2025-08-15T11:06:22.972-05:00  INFO 3520 --- [citas-api] [           main] o.apache.catalina.core.StandardEngine    : Starting Servlet engine: [Apache Tomcat/10.1.43]
2025-08-15T11:06:23.044-05:00  INFO 3520 --- [citas-api] [           main] o.a.c.c.C.[Tomcat].[localhost].[/]       : Initializing Spring embedded WebApplicationContext
2025-08-15T11:06:23.045-05:00  INFO 3520 --- [citas-api] [           main] w.s.c.ServletWebServerApplicationContext : Root WebApplicationContext: initialization completed in 1824 ms
2025-08-15T11:06:23.335-05:00  INFO 3520 --- [citas-api] [           main] o.hibernate.jpa.internal.util.LogHelper  : HHH000204: Processing PersistenceUnitInfo [name: default]
2025-08-15T11:06:23.468-05:00  INFO 3520 --- [citas-api] [           main] org.hibernate.Version                    : HHH000412: Hibernate ORM core version 6.6.22.Final
2025-08-15T11:06:23.505-05:00  INFO 3520 --- [citas-api] [           main] o.h.c.internal.RegionFactoryInitiator    : HHH000026: Second-level cache disabled
2025-08-15T11:06:24.000-05:00  INFO 3520 --- [citas-api] [           main] o.s.o.j.p.SpringPersistenceUnitInfo      : No LoadTimeWeaver setup: ignoring JPA class transformer
2025-08-15T11:06:24.060-05:00  INFO 3520 --- [citas-api] [           main] com.zaxxer.hikari.HikariDataSource       : HikariPool-1 - Starting...
2025-08-15T11:06:24.324-05:00  INFO 3520 --- [citas-api] [           main] com.zaxxer.hikari.pool.HikariPool        : HikariPool-1 - Added connection conn0: url=jdbc:h2:mem:testdb user=SA
2025-08-15T11:06:24.328-05:00  INFO 3520 --- [citas-api] [           main] com.zaxxer.hikari.HikariDataSource       : HikariPool-1 - Start completed.
2025-08-15T11:06:24.356-05:00  WARN 3520 --- [citas-api] [           main] org.hibernate.orm.deprecation            : HHH90000025: H2Dialect does not need to be specified explicitly using 'hibernate.dialect' (remove the property setting and it will be selected by default)
2025-08-15T11:06:24.379-05:00  INFO 3520 --- [citas-api] [           main] org.hibernate.orm.connections.pooling    : HHH10001005: Database info:
	Database JDBC URL [Connecting through datasource 'HikariDataSource (HikariPool-1)']
	Database driver: undefined/unknown
	Database version: 2.3.232
	Autocommit mode: undefined/unknown
	Isolation level: undefined/unknown
	Minimum pool size: undefined/unknown
	Maximum pool size: undefined/unknown
2025-08-15T11:06:25.228-05:00  INFO 3520 --- [citas-api] [           main] o.h.e.t.j.p.i.JtaPlatformInitiator       : HHH000489: No JTA platform available (set 'hibernate.transaction.jta.platform' to enable JTA platform integration)
Hibernate: 
    drop table if exists cita cascade 
Hibernate: 
    drop table if exists consultorio cascade 
Hibernate: 
    drop table if exists medico cascade 
Hibernate: 
    drop table if exists paciente cascade 
Hibernate: 
    create table cita (
        fecha date,
        hora time(6),
        consultorio_id bigint not null,
        id bigint generated by default as identity,
        medico_id bigint not null,
        paciente_id bigint not null,
        primary key (id),
        constraint uk_medico_fecha_hora unique (medico_id, fecha, hora)
    )
Hibernate: 
    create table consultorio (
        piso integer,
        id bigint generated by default as identity,
        numero varchar(255) unique,
        primary key (id)
    )
Hibernate: 
    create table medico (
        id bigint generated by default as identity,
        apellido varchar(255),
        especialidad varchar(255),
        nombre varchar(255),
        primary key (id)
    )
Hibernate: 
    create table paciente (
        fecha_nacimiento date,
        id bigint generated by default as identity,
        apellido varchar(255),
        email varchar(255) unique,
        nombre varchar(255),
        primary key (id)
    )
Hibernate: 
    alter table if exists cita 
       add constraint FKdf90y1t11oyx02gw08l69ucxm 
       foreign key (consultorio_id) 
       references consultorio
Hibernate: 
    alter table if exists cita 
       add constraint FKdfrd023l6bdxh9tb21isevvth 
       foreign key (medico_id) 
       references medico
Hibernate: 
    alter table if exists cita 
       add constraint FKdbtp2mwrvqktqu8954d3xaddv 
       foreign key (paciente_id) 
       references paciente
2025-08-15T11:06:25.276-05:00  INFO 3520 --- [citas-api] [           main] j.LocalContainerEntityManagerFactoryBean : Initialized JPA EntityManagerFactory for persistence unit 'default'
2025-08-15T11:06:25.952-05:00  WARN 3520 --- [citas-api] [           main] JpaBaseConfiguration$JpaWebConfiguration : spring.jpa.open-in-view is enabled by default. Therefore, database queries may be performed during view rendering. Explicitly configure spring.jpa.open-in-view to disable this warning
2025-08-15T11:06:26.766-05:00  INFO 3520 --- [citas-api] [           main] o.s.b.w.embedded.tomcat.TomcatWebServer  : Tomcat started on port 59520 (http) with context path '/'
2025-08-15T11:06:26.777-05:00  INFO 3520 --- [citas-api] [           main] .e.c.ApiValidationAndCitaIntegrationTest : Started ApiValidationAndCitaIntegrationTest in 6.036 seconds (process running for 7.071)
2025-08-15T11:06:27.243-05:00  INFO 3520 --- [citas-api] [o-auto-1-exec-1] o.a.c.c.C.[Tomcat].[localhost].[/]       : Initializing Spring DispatcherServlet 'dispatcherServlet'
2025-08-15T11:06:27.244-05:00  INFO 3520 --- [citas-api] [o-auto-1-exec-1] o.s.web.servlet.DispatcherServlet        : Initializing Servlet 'dispatcherServlet'
2025-08-15T11:06:27.245-05:00  INFO 3520 --- [citas-api] [o-auto-1-exec-1] o.s.web.servlet.DispatcherServlet        : Completed initialization in 1 ms
Hibernate: 
    select
        p1_0.id,
        p1_0.apellido,
        p1_0.email,
        p1_0.fecha_nacimiento,
        p1_0.nombre 
    from
        paciente p1_0 
    where
        p1_0.id=?
2025-08-15T11:06:27.430-05:00  INFO 3520 --- [citas-api] [           main] o.s.b.w.e.tomcat.GracefulShutdown        : Commencing graceful shutdown. Waiting for active requests to complete
2025-08-15T11:06:27.439-05:00  INFO 3520 --- [citas-api] [tomcat-shutdown] o.s.b.w.e.tomcat.GracefulShutdown        : Graceful shutdown complete
2025-08-15T11:06:27.443-05:00  INFO 3520 --- [citas-api] [           main] j.LocalContainerEntityManagerFactoryBean : Closing JPA EntityManagerFactory for persistence unit 'default'
Hibernate: 
    drop table if exists cita cascade 
Hibernate: 
    drop table if exists consultorio cascade 
Hibernate: 
    drop table if exists medico cascade 
Hibernate: 
    drop table if exists paciente cascade 
2025-08-15T11:06:27.449-05:00  INFO 3520 --- [citas-api] [           main] com.zaxxer.hikari.HikariDataSource       : HikariPool-1 - Shutdown initiated...
2025-08-15T11:06:27.452-05:00  INFO 3520 --- [citas-api] [           main] com.zaxxer.hikari.HikariDataSource       : HikariPool-1 - Shutdown completed.
]]></system-out>
  </testcase>
  <testcase name="citaFechaPasada" classname="com.example.citas.ApiValidationAndCitaIntegrationTest" time="0.282">
    <system-out><![CDATA[
  .   ____          _            __ _ _
 /\\ / ___'_ __ _ _(_)_ __  __ _ \ \ \ \
( ( )\___ | '_ | '_| | '_ \/ _` | \ \ \ \
 \\/  ___)| |_)| | | | | || (_| |  ) ) ) )
  '  |____| .__|_| |_|_| |_\__, | / / / /
 =========|_|==============|___/=/_/_/_/

 :: Spring Boot ::                (v3.5.4)

2025-08-15T11:06:27.509-05:00  INFO 3520 --- [citas-api] [           main] .e.c.ApiValidationAndCitaIntegrationTest : Starting ApiValidationAndCitaIntegrationTest using Java 24.0.1 with PID 3520 (started by santi in C:\Users\santi\Downloads\Clinica\citas_api)
2025-08-15T11:06:27.509-05:00  INFO 3520 --- [citas-api] [           main] .e.c.ApiValidationAndCitaIntegrationTest : No active profile set, falling back to 1 default profile: "default"
2025-08-15T11:06:27.672-05:00  INFO 3520 --- [citas-api] [           main] .s.d.r.c.RepositoryConfigurationDelegate : Bootstrapping Spring Data JPA repositories in DEFAULT mode.
2025-08-15T11:06:27.685-05:00  INFO 3520 --- [citas-api] [           main] .s.d.r.c.RepositoryConfigurationDelegate : Finished Spring Data repository scanning in 12 ms. Found 4 JPA repository interfaces.
2025-08-15T11:06:27.742-05:00  INFO 3520 --- [citas-api] [           main] o.s.b.w.embedded.tomcat.TomcatWebServer  : Tomcat initialized with port 0 (http)
2025-08-15T11:06:27.743-05:00  INFO 3520 --- [citas-api] [           main] o.apache.catalina.core.StandardService   : Starting service [Tomcat]
2025-08-15T11:06:27.743-05:00  INFO 3520 --- [citas-api] [           main] o.apache.catalina.core.StandardEngine    : Starting Servlet engine: [Apache Tomcat/10.1.43]
2025-08-15T11:06:27.763-05:00  INFO 3520 --- [citas-api] [           main] o.a.c.c.C.[Tomcat].[localhost].[/]       : Initializing Spring embedded WebApplicationContext
2025-08-15T11:06:27.764-05:00  INFO 3520 --- [citas-api] [           main] w.s.c.ServletWebServerApplicationContext : Root WebApplicationContext: initialization completed in 253 ms
2025-08-15T11:06:27.791-05:00  INFO 3520 --- [citas-api] [           main] o.hibernate.jpa.internal.util.LogHelper  : HHH000204: Processing PersistenceUnitInfo [name: default]
2025-08-15T11:06:27.793-05:00  INFO 3520 --- [citas-api] [           main] o.h.c.internal.RegionFactoryInitiator    : HHH000026: Second-level cache disabled
2025-08-15T11:06:27.799-05:00  INFO 3520 --- [citas-api] [           main] o.s.o.j.p.SpringPersistenceUnitInfo      : No LoadTimeWeaver setup: ignoring JPA class transformer
2025-08-15T11:06:27.800-05:00  INFO 3520 --- [citas-api] [           main] com.zaxxer.hikari.HikariDataSource       : HikariPool-2 - Starting...
2025-08-15T11:06:27.802-05:00  INFO 3520 --- [citas-api] [           main] com.zaxxer.hikari.pool.HikariPool        : HikariPool-2 - Added connection conn10: url=jdbc:h2:mem:testdb user=SA
2025-08-15T11:06:27.802-05:00  INFO 3520 --- [citas-api] [           main] com.zaxxer.hikari.HikariDataSource       : HikariPool-2 - Start completed.
2025-08-15T11:06:27.803-05:00  WARN 3520 --- [citas-api] [           main] org.hibernate.orm.deprecation            : HHH90000025: H2Dialect does not need to be specified explicitly using 'hibernate.dialect' (remove the property setting and it will be selected by default)
2025-08-15T11:06:27.804-05:00  INFO 3520 --- [citas-api] [           main] org.hibernate.orm.connections.pooling    : HHH10001005: Database info:
	Database JDBC URL [Connecting through datasource 'HikariDataSource (HikariPool-2)']
	Database driver: undefined/unknown
	Database version: 2.3.232
	Autocommit mode: undefined/unknown
	Isolation level: undefined/unknown
	Minimum pool size: undefined/unknown
	Maximum pool size: undefined/unknown
2025-08-15T11:06:27.837-05:00  INFO 3520 --- [citas-api] [           main] o.h.e.t.j.p.i.JtaPlatformInitiator       : HHH000489: No JTA platform available (set 'hibernate.transaction.jta.platform' to enable JTA platform integration)
Hibernate: 
    drop table if exists cita cascade 
Hibernate: 
    drop table if exists consultorio cascade 
Hibernate: 
    drop table if exists medico cascade 
Hibernate: 
    drop table if exists paciente cascade 
Hibernate: 
    create table cita (
        fecha date,
        hora time(6),
        consultorio_id bigint not null,
        id bigint generated by default as identity,
        medico_id bigint not null,
        paciente_id bigint not null,
        primary key (id),
        constraint uk_medico_fecha_hora unique (medico_id, fecha, hora)
    )
Hibernate: 
    create table consultorio (
        piso integer,
        id bigint generated by default as identity,
        numero varchar(255) unique,
        primary key (id)
    )
Hibernate: 
    create table medico (
        id bigint generated by default as identity,
        apellido varchar(255),
        especialidad varchar(255),
        nombre varchar(255),
        primary key (id)
    )
Hibernate: 
    create table paciente (
        fecha_nacimiento date,
        id bigint generated by default as identity,
        apellido varchar(255),
        email varchar(255) unique,
        nombre varchar(255),
        primary key (id)
    )
Hibernate: 
    alter table if exists cita 
       add constraint FKdf90y1t11oyx02gw08l69ucxm 
       foreign key (consultorio_id) 
       references consultorio
Hibernate: 
    alter table if exists cita 
       add constraint FKdfrd023l6bdxh9tb21isevvth 
       foreign key (medico_id) 
       references medico
Hibernate: 
    alter table if exists cita 
       add constraint FKdbtp2mwrvqktqu8954d3xaddv 
       foreign key (paciente_id) 
       references paciente
2025-08-15T11:06:27.845-05:00  INFO 3520 --- [citas-api] [           main] j.LocalContainerEntityManagerFactoryBean : Initialized JPA EntityManagerFactory for persistence unit 'default'
2025-08-15T11:06:27.935-05:00  WARN 3520 --- [citas-api] [           main] JpaBaseConfiguration$JpaWebConfiguration : spring.jpa.open-in-view is enabled by default. Therefore, database queries may be performed during view rendering. Explicitly configure spring.jpa.open-in-view to disable this warning
2025-08-15T11:06:28.023-05:00  INFO 3520 --- [citas-api] [           main] o.s.b.w.embedded.tomcat.TomcatWebServer  : Tomcat started on port 59523 (http) with context path '/'
2025-08-15T11:06:28.025-05:00  INFO 3520 --- [citas-api] [           main] .e.c.ApiValidationAndCitaIntegrationTest : Started ApiValidationAndCitaIntegrationTest in 0.555 seconds (process running for 8.319)
2025-08-15T11:06:28.044-05:00  INFO 3520 --- [citas-api] [o-auto-2-exec-1] o.a.c.c.C.[Tomcat].[localhost].[/]       : Initializing Spring DispatcherServlet 'dispatcherServlet'
2025-08-15T11:06:28.044-05:00  INFO 3520 --- [citas-api] [o-auto-2-exec-1] o.s.web.servlet.DispatcherServlet        : Initializing Servlet 'dispatcherServlet'
2025-08-15T11:06:28.044-05:00  INFO 3520 --- [citas-api] [o-auto-2-exec-1] o.s.web.servlet.DispatcherServlet        : Completed initialization in 0 ms
Hibernate: 
    insert 
    into
        paciente
        (apellido, email, fecha_nacimiento, nombre, id) 
    values
        (?, ?, ?, ?, default)
Hibernate: 
    insert 
    into
        medico
        (apellido, especialidad, nombre, id) 
    values
        (?, ?, ?, default)
Hibernate: 
    insert 
    into
        consultorio
        (numero, piso, id) 
    values
        (?, ?, default)
2025-08-15T11:06:28.292-05:00  INFO 3520 --- [citas-api] [           main] o.s.b.w.e.tomcat.GracefulShutdown        : Commencing graceful shutdown. Waiting for active requests to complete
2025-08-15T11:06:28.299-05:00  INFO 3520 --- [citas-api] [tomcat-shutdown] o.s.b.w.e.tomcat.GracefulShutdown        : Graceful shutdown complete
2025-08-15T11:06:28.301-05:00  INFO 3520 --- [citas-api] [           main] j.LocalContainerEntityManagerFactoryBean : Closing JPA EntityManagerFactory for persistence unit 'default'
Hibernate: 
    drop table if exists cita cascade 
Hibernate: 
    drop table if exists consultorio cascade 
Hibernate: 
    drop table if exists medico cascade 
Hibernate: 
    drop table if exists paciente cascade 
2025-08-15T11:06:28.305-05:00  INFO 3520 --- [citas-api] [           main] com.zaxxer.hikari.HikariDataSource       : HikariPool-2 - Shutdown initiated...
2025-08-15T11:06:28.306-05:00  INFO 3520 --- [citas-api] [           main] com.zaxxer.hikari.HikariDataSource       : HikariPool-2 - Shutdown completed.
]]></system-out>
  </testcase>
  <testcase name="modificarCitaConflicto" classname="com.example.citas.ApiValidationAndCitaIntegrationTest" time="0.207">
    <system-out><![CDATA[
  .   ____          _            __ _ _
 /\\ / ___'_ __ _ _(_)_ __  __ _ \ \ \ \
( ( )\___ | '_ | '_| | '_ \/ _` | \ \ \ \
 \\/  ___)| |_)| | | | | || (_| |  ) ) ) )
  '  |____| .__|_| |_|_| |_\__, | / / / /
 =========|_|==============|___/=/_/_/_/

 :: Spring Boot ::                (v3.5.4)

2025-08-15T11:06:28.335-05:00  INFO 3520 --- [citas-api] [           main] .e.c.ApiValidationAndCitaIntegrationTest : Starting ApiValidationAndCitaIntegrationTest using Java 24.0.1 with PID 3520 (started by santi in C:\Users\santi\Downloads\Clinica\citas_api)
2025-08-15T11:06:28.336-05:00  INFO 3520 --- [citas-api] [           main] .e.c.ApiValidationAndCitaIntegrationTest : No active profile set, falling back to 1 default profile: "default"
2025-08-15T11:06:28.467-05:00  INFO 3520 --- [citas-api] [           main] .s.d.r.c.RepositoryConfigurationDelegate : Bootstrapping Spring Data JPA repositories in DEFAULT mode.
2025-08-15T11:06:28.480-05:00  INFO 3520 --- [citas-api] [           main] .s.d.r.c.RepositoryConfigurationDelegate : Finished Spring Data repository scanning in 12 ms. Found 4 JPA repository interfaces.
2025-08-15T11:06:28.525-05:00  INFO 3520 --- [citas-api] [           main] o.s.b.w.embedded.tomcat.TomcatWebServer  : Tomcat initialized with port 0 (http)
2025-08-15T11:06:28.526-05:00  INFO 3520 --- [citas-api] [           main] o.apache.catalina.core.StandardService   : Starting service [Tomcat]
2025-08-15T11:06:28.526-05:00  INFO 3520 --- [citas-api] [           main] o.apache.catalina.core.StandardEngine    : Starting Servlet engine: [Apache Tomcat/10.1.43]
2025-08-15T11:06:28.543-05:00  INFO 3520 --- [citas-api] [           main] o.a.c.c.C.[Tomcat].[localhost].[/]       : Initializing Spring embedded WebApplicationContext
2025-08-15T11:06:28.543-05:00  INFO 3520 --- [citas-api] [           main] w.s.c.ServletWebServerApplicationContext : Root WebApplicationContext: initialization completed in 204 ms
2025-08-15T11:06:28.565-05:00  INFO 3520 --- [citas-api] [           main] o.hibernate.jpa.internal.util.LogHelper  : HHH000204: Processing PersistenceUnitInfo [name: default]
2025-08-15T11:06:28.566-05:00  INFO 3520 --- [citas-api] [           main] o.h.c.internal.RegionFactoryInitiator    : HHH000026: Second-level cache disabled
2025-08-15T11:06:28.573-05:00  INFO 3520 --- [citas-api] [           main] o.s.o.j.p.SpringPersistenceUnitInfo      : No LoadTimeWeaver setup: ignoring JPA class transformer
2025-08-15T11:06:28.574-05:00  INFO 3520 --- [citas-api] [           main] com.zaxxer.hikari.HikariDataSource       : HikariPool-3 - Starting...
2025-08-15T11:06:28.576-05:00  INFO 3520 --- [citas-api] [           main] com.zaxxer.hikari.pool.HikariPool        : HikariPool-3 - Added connection conn20: url=jdbc:h2:mem:testdb user=SA
2025-08-15T11:06:28.576-05:00  INFO 3520 --- [citas-api] [           main] com.zaxxer.hikari.HikariDataSource       : HikariPool-3 - Start completed.
2025-08-15T11:06:28.577-05:00  WARN 3520 --- [citas-api] [           main] org.hibernate.orm.deprecation            : HHH90000025: H2Dialect does not need to be specified explicitly using 'hibernate.dialect' (remove the property setting and it will be selected by default)
2025-08-15T11:06:28.577-05:00  INFO 3520 --- [citas-api] [           main] org.hibernate.orm.connections.pooling    : HHH10001005: Database info:
	Database JDBC URL [Connecting through datasource 'HikariDataSource (HikariPool-3)']
	Database driver: undefined/unknown
	Database version: 2.3.232
	Autocommit mode: undefined/unknown
	Isolation level: undefined/unknown
	Minimum pool size: undefined/unknown
	Maximum pool size: undefined/unknown
2025-08-15T11:06:28.616-05:00  INFO 3520 --- [citas-api] [           main] o.h.e.t.j.p.i.JtaPlatformInitiator       : HHH000489: No JTA platform available (set 'hibernate.transaction.jta.platform' to enable JTA platform integration)
Hibernate: 
    drop table if exists cita cascade 
Hibernate: 
    drop table if exists consultorio cascade 
Hibernate: 
    drop table if exists medico cascade 
Hibernate: 
    drop table if exists paciente cascade 
Hibernate: 
    create table cita (
        fecha date,
        hora time(6),
        consultorio_id bigint not null,
        id bigint generated by default as identity,
        medico_id bigint not null,
        paciente_id bigint not null,
        primary key (id),
        constraint uk_medico_fecha_hora unique (medico_id, fecha, hora)
    )
Hibernate: 
    create table consultorio (
        piso integer,
        id bigint generated by default as identity,
        numero varchar(255) unique,
        primary key (id)
    )
Hibernate: 
    create table medico (
        id bigint generated by default as identity,
        apellido varchar(255),
        especialidad varchar(255),
        nombre varchar(255),
        primary key (id)
    )
Hibernate: 
    create table paciente (
        fecha_nacimiento date,
        id bigint generated by default as identity,
        apellido varchar(255),
        email varchar(255) unique,
        nombre varchar(255),
        primary key (id)
    )
Hibernate: 
    alter table if exists cita 
       add constraint FKdf90y1t11oyx02gw08l69ucxm 
       foreign key (consultorio_id) 
       references consultorio
Hibernate: 
    alter table if exists cita 
       add constraint FKdfrd023l6bdxh9tb21isevvth 
       foreign key (medico_id) 
       references medico
Hibernate: 
    alter table if exists cita 
       add constraint FKdbtp2mwrvqktqu8954d3xaddv 
       foreign key (paciente_id) 
       references paciente
2025-08-15T11:06:28.626-05:00  INFO 3520 --- [citas-api] [           main] j.LocalContainerEntityManagerFactoryBean : Initialized JPA EntityManagerFactory for persistence unit 'default'
2025-08-15T11:06:28.693-05:00  WARN 3520 --- [citas-api] [           main] JpaBaseConfiguration$JpaWebConfiguration : spring.jpa.open-in-view is enabled by default. Therefore, database queries may be performed during view rendering. Explicitly configure spring.jpa.open-in-view to disable this warning
2025-08-15T11:06:28.757-05:00  INFO 3520 --- [citas-api] [           main] o.s.b.w.embedded.tomcat.TomcatWebServer  : Tomcat started on port 59526 (http) with context path '/'
2025-08-15T11:06:28.759-05:00  INFO 3520 --- [citas-api] [           main] .e.c.ApiValidationAndCitaIntegrationTest : Started ApiValidationAndCitaIntegrationTest in 0.447 seconds (process running for 9.052)
2025-08-15T11:06:28.767-05:00  INFO 3520 --- [citas-api] [o-auto-3-exec-1] o.a.c.c.C.[Tomcat].[localhost].[/]       : Initializing Spring DispatcherServlet 'dispatcherServlet'
2025-08-15T11:06:28.767-05:00  INFO 3520 --- [citas-api] [o-auto-3-exec-1] o.s.web.servlet.DispatcherServlet        : Initializing Servlet 'dispatcherServlet'
2025-08-15T11:06:28.767-05:00  INFO 3520 --- [citas-api] [o-auto-3-exec-1] o.s.web.servlet.DispatcherServlet        : Completed initialization in 0 ms
Hibernate: 
    insert 
    into
        paciente
        (apellido, email, fecha_nacimiento, nombre, id) 
    values
        (?, ?, ?, ?, default)
Hibernate: 
    insert 
    into
        medico
        (apellido, especialidad, nombre, id) 
    values
        (?, ?, ?, default)
Hibernate: 
    insert 
    into
        consultorio
        (numero, piso, id) 
    values
        (?, ?, default)
Hibernate: 
    select
        p1_0.id,
        p1_0.apellido,
        p1_0.email,
        p1_0.fecha_nacimiento,
        p1_0.nombre 
    from
        paciente p1_0 
    where
        p1_0.id=?
Hibernate: 
    select
        m1_0.id,
        m1_0.apellido,
        m1_0.especialidad,
        m1_0.nombre 
    from
        medico m1_0 
    where
        m1_0.id=?
Hibernate: 
    select
        c1_0.id,
        c1_0.numero,
        c1_0.piso 
    from
        consultorio c1_0 
    where
        c1_0.id=?
Hibernate: 
    select
        c1_0.id,
        c1_0.consultorio_id,
        c1_0.fecha,
        c1_0.hora,
        c1_0.medico_id,
        c1_0.paciente_id 
    from
        cita c1_0 
    join
        medico m1_0 
            on m1_0.id=c1_0.medico_id 
    where
        m1_0.id=? 
        and c1_0.fecha=? 
        and c1_0.hora=?
Hibernate: 
    insert 
    into
        cita
        (consultorio_id, fecha, hora, medico_id, paciente_id, id) 
    values
        (?, ?, ?, ?, ?, default)
Hibernate: 
    select
        p1_0.id,
        p1_0.apellido,
        p1_0.email,
        p1_0.fecha_nacimiento,
        p1_0.nombre 
    from
        paciente p1_0 
    where
        p1_0.id=?
Hibernate: 
    select
        m1_0.id,
        m1_0.apellido,
        m1_0.especialidad,
        m1_0.nombre 
    from
        medico m1_0 
    where
        m1_0.id=?
Hibernate: 
    select
        c1_0.id,
        c1_0.numero,
        c1_0.piso 
    from
        consultorio c1_0 
    where
        c1_0.id=?
Hibernate: 
    select
        c1_0.id,
        c1_0.consultorio_id,
        c1_0.fecha,
        c1_0.hora,
        c1_0.medico_id,
        c1_0.paciente_id 
    from
        cita c1_0 
    join
        medico m1_0 
            on m1_0.id=c1_0.medico_id 
    where
        m1_0.id=? 
        and c1_0.fecha=? 
        and c1_0.hora=?
Hibernate: 
    insert 
    into
        cita
        (consultorio_id, fecha, hora, medico_id, paciente_id, id) 
    values
        (?, ?, ?, ?, ?, default)
Hibernate: 
    select
        c1_0.id,
        c1_0.consultorio_id,
        c2_0.id,
        c2_0.numero,
        c2_0.piso,
        c1_0.fecha,
        c1_0.hora,
        c1_0.medico_id,
        m1_0.id,
        m1_0.apellido,
        m1_0.especialidad,
        m1_0.nombre,
        c1_0.paciente_id,
        p1_0.id,
        p1_0.apellido,
        p1_0.email,
        p1_0.fecha_nacimiento,
        p1_0.nombre 
    from
        cita c1_0 
    join
        consultorio c2_0 
            on c2_0.id=c1_0.consultorio_id 
    join
        medico m1_0 
            on m1_0.id=c1_0.medico_id 
    join
        paciente p1_0 
            on p1_0.id=c1_0.paciente_id 
    where
        c1_0.id=?
Hibernate: 
    select
        c1_0.id,
        c1_0.consultorio_id,
        c1_0.fecha,
        c1_0.hora,
        c1_0.medico_id,
        c1_0.paciente_id 
    from
        cita c1_0 
    join
        medico m1_0 
            on m1_0.id=c1_0.medico_id 
    where
        m1_0.id=? 
        and c1_0.fecha=? 
        and c1_0.hora=?
2025-08-15T11:06:28.945-05:00 DEBUG 3520 --- [citas-api] [o-auto-3-exec-6] com.example.citas.service.CitaServicio   : Conflicto detectado antes de actualizar: citaActual=2, citaExistente=1 medicoId=1 fecha=2025-08-18 hora=08:00
2025-08-15T11:06:28.952-05:00  INFO 3520 --- [citas-api] [           main] o.s.b.w.e.tomcat.GracefulShutdown        : Commencing graceful shutdown. Waiting for active requests to complete
2025-08-15T11:06:28.959-05:00  INFO 3520 --- [citas-api] [tomcat-shutdown] o.s.b.w.e.tomcat.GracefulShutdown        : Graceful shutdown complete
2025-08-15T11:06:28.960-05:00  INFO 3520 --- [citas-api] [           main] j.LocalContainerEntityManagerFactoryBean : Closing JPA EntityManagerFactory for persistence unit 'default'
Hibernate: 
    drop table if exists cita cascade 
Hibernate: 
    drop table if exists consultorio cascade 
Hibernate: 
    drop table if exists medico cascade 
Hibernate: 
    drop table if exists paciente cascade 
2025-08-15T11:06:28.963-05:00  INFO 3520 --- [citas-api] [           main] com.zaxxer.hikari.HikariDataSource       : HikariPool-3 - Shutdown initiated...
2025-08-15T11:06:28.963-05:00  INFO 3520 --- [citas-api] [           main] com.zaxxer.hikari.HikariDataSource       : HikariPool-3 - Shutdown completed.
]]></system-out>
  </testcase>
  <testcase name="citaHorasLimite" classname="com.example.citas.ApiValidationAndCitaIntegrationTest" time="0.099">
    <system-out><![CDATA[
  .   ____          _            __ _ _
 /\\ / ___'_ __ _ _(_)_ __  __ _ \ \ \ \
( ( )\___ | '_ | '_| | '_ \/ _` | \ \ \ \
 \\/  ___)| |_)| | | | | || (_| |  ) ) ) )
  '  |____| .__|_| |_|_| |_\__, | / / / /
 =========|_|==============|___/=/_/_/_/

 :: Spring Boot ::                (v3.5.4)

2025-08-15T11:06:28.985-05:00  INFO 3520 --- [citas-api] [           main] .e.c.ApiValidationAndCitaIntegrationTest : Starting ApiValidationAndCitaIntegrationTest using Java 24.0.1 with PID 3520 (started by santi in C:\Users\santi\Downloads\Clinica\citas_api)
2025-08-15T11:06:28.986-05:00  INFO 3520 --- [citas-api] [           main] .e.c.ApiValidationAndCitaIntegrationTest : No active profile set, falling back to 1 default profile: "default"
2025-08-15T11:06:29.095-05:00  INFO 3520 --- [citas-api] [           main] .s.d.r.c.RepositoryConfigurationDelegate : Bootstrapping Spring Data JPA repositories in DEFAULT mode.
2025-08-15T11:06:29.107-05:00  INFO 3520 --- [citas-api] [           main] .s.d.r.c.RepositoryConfigurationDelegate : Finished Spring Data repository scanning in 10 ms. Found 4 JPA repository interfaces.
2025-08-15T11:06:29.154-05:00  INFO 3520 --- [citas-api] [           main] o.s.b.w.embedded.tomcat.TomcatWebServer  : Tomcat initialized with port 0 (http)
2025-08-15T11:06:29.155-05:00  INFO 3520 --- [citas-api] [           main] o.apache.catalina.core.StandardService   : Starting service [Tomcat]
2025-08-15T11:06:29.155-05:00  INFO 3520 --- [citas-api] [           main] o.apache.catalina.core.StandardEngine    : Starting Servlet engine: [Apache Tomcat/10.1.43]
2025-08-15T11:06:29.173-05:00  INFO 3520 --- [citas-api] [           main] o.a.c.c.C.[Tomcat].[localhost].[/]       : Initializing Spring embedded WebApplicationContext
2025-08-15T11:06:29.173-05:00  INFO 3520 --- [citas-api] [           main] w.s.c.ServletWebServerApplicationContext : Root WebApplicationContext: initialization completed in 185 ms
2025-08-15T11:06:29.196-05:00  INFO 3520 --- [citas-api] [           main] o.hibernate.jpa.internal.util.LogHelper  : HHH000204: Processing PersistenceUnitInfo [name: default]
2025-08-15T11:06:29.198-05:00  INFO 3520 --- [citas-api] [           main] o.h.c.internal.RegionFactoryInitiator    : HHH000026: Second-level cache disabled
2025-08-15T11:06:29.203-05:00  INFO 3520 --- [citas-api] [           main] o.s.o.j.p.SpringPersistenceUnitInfo      : No LoadTimeWeaver setup: ignoring JPA class transformer
2025-08-15T11:06:29.204-05:00  INFO 3520 --- [citas-api] [           main] com.zaxxer.hikari.HikariDataSource       : HikariPool-4 - Starting...
2025-08-15T11:06:29.205-05:00  INFO 3520 --- [citas-api] [           main] com.zaxxer.hikari.pool.HikariPool        : HikariPool-4 - Added connection conn30: url=jdbc:h2:mem:testdb user=SA
2025-08-15T11:06:29.205-05:00  INFO 3520 --- [citas-api] [           main] com.zaxxer.hikari.HikariDataSource       : HikariPool-4 - Start completed.
2025-08-15T11:06:29.206-05:00  WARN 3520 --- [citas-api] [           main] org.hibernate.orm.deprecation            : HHH90000025: H2Dialect does not need to be specified explicitly using 'hibernate.dialect' (remove the property setting and it will be selected by default)
2025-08-15T11:06:29.207-05:00  INFO 3520 --- [citas-api] [           main] org.hibernate.orm.connections.pooling    : HHH10001005: Database info:
	Database JDBC URL [Connecting through datasource 'HikariDataSource (HikariPool-4)']
	Database driver: undefined/unknown
	Database version: 2.3.232
	Autocommit mode: undefined/unknown
	Isolation level: undefined/unknown
	Minimum pool size: undefined/unknown
	Maximum pool size: undefined/unknown
2025-08-15T11:06:29.239-05:00  INFO 3520 --- [citas-api] [           main] o.h.e.t.j.p.i.JtaPlatformInitiator       : HHH000489: No JTA platform available (set 'hibernate.transaction.jta.platform' to enable JTA platform integration)
Hibernate: 
    drop table if exists cita cascade 
Hibernate: 
    drop table if exists consultorio cascade 
Hibernate: 
    drop table if exists medico cascade 
Hibernate: 
    drop table if exists paciente cascade 
Hibernate: 
    create table cita (
        fecha date,
        hora time(6),
        consultorio_id bigint not null,
        id bigint generated by default as identity,
        medico_id bigint not null,
        paciente_id bigint not null,
        primary key (id),
        constraint uk_medico_fecha_hora unique (medico_id, fecha, hora)
    )
Hibernate: 
    create table consultorio (
        piso integer,
        id bigint generated by default as identity,
        numero varchar(255) unique,
        primary key (id)
    )
Hibernate: 
    create table medico (
        id bigint generated by default as identity,
        apellido varchar(255),
        especialidad varchar(255),
        nombre varchar(255),
        primary key (id)
    )
Hibernate: 
    create table paciente (
        fecha_nacimiento date,
        id bigint generated by default as identity,
        apellido varchar(255),
        email varchar(255) unique,
        nombre varchar(255),
        primary key (id)
    )
Hibernate: 
    alter table if exists cita 
       add constraint FKdf90y1t11oyx02gw08l69ucxm 
       foreign key (consultorio_id) 
       references consultorio
Hibernate: 
    alter table if exists cita 
       add constraint FKdfrd023l6bdxh9tb21isevvth 
       foreign key (medico_id) 
       references medico
Hibernate: 
    alter table if exists cita 
       add constraint FKdbtp2mwrvqktqu8954d3xaddv 
       foreign key (paciente_id) 
       references paciente
2025-08-15T11:06:29.246-05:00  INFO 3520 --- [citas-api] [           main] j.LocalContainerEntityManagerFactoryBean : Initialized JPA EntityManagerFactory for persistence unit 'default'
2025-08-15T11:06:29.299-05:00  WARN 3520 --- [citas-api] [           main] JpaBaseConfiguration$JpaWebConfiguration : spring.jpa.open-in-view is enabled by default. Therefore, database queries may be performed during view rendering. Explicitly configure spring.jpa.open-in-view to disable this warning
2025-08-15T11:06:29.364-05:00  INFO 3520 --- [citas-api] [           main] o.s.b.w.embedded.tomcat.TomcatWebServer  : Tomcat started on port 59529 (http) with context path '/'
2025-08-15T11:06:29.366-05:00  INFO 3520 --- [citas-api] [           main] .e.c.ApiValidationAndCitaIntegrationTest : Started ApiValidationAndCitaIntegrationTest in 0.397 seconds (process running for 9.66)
2025-08-15T11:06:29.373-05:00  INFO 3520 --- [citas-api] [o-auto-4-exec-1] o.a.c.c.C.[Tomcat].[localhost].[/]       : Initializing Spring DispatcherServlet 'dispatcherServlet'
2025-08-15T11:06:29.373-05:00  INFO 3520 --- [citas-api] [o-auto-4-exec-1] o.s.web.servlet.DispatcherServlet        : Initializing Servlet 'dispatcherServlet'
2025-08-15T11:06:29.374-05:00  INFO 3520 --- [citas-api] [o-auto-4-exec-1] o.s.web.servlet.DispatcherServlet        : Completed initialization in 1 ms
Hibernate: 
    insert 
    into
        paciente
        (apellido, email, fecha_nacimiento, nombre, id) 
    values
        (?, ?, ?, ?, default)
Hibernate: 
    insert 
    into
        medico
        (apellido, especialidad, nombre, id) 
    values
        (?, ?, ?, default)
Hibernate: 
    insert 
    into
        consultorio
        (numero, piso, id) 
    values
        (?, ?, default)
Hibernate: 
    select
        p1_0.id,
        p1_0.apellido,
        p1_0.email,
        p1_0.fecha_nacimiento,
        p1_0.nombre 
    from
        paciente p1_0 
    where
        p1_0.id=?
Hibernate: 
    select
        m1_0.id,
        m1_0.apellido,
        m1_0.especialidad,
        m1_0.nombre 
    from
        medico m1_0 
    where
        m1_0.id=?
Hibernate: 
    select
        c1_0.id,
        c1_0.numero,
        c1_0.piso 
    from
        consultorio c1_0 
    where
        c1_0.id=?
Hibernate: 
    select
        c1_0.id,
        c1_0.consultorio_id,
        c1_0.fecha,
        c1_0.hora,
        c1_0.medico_id,
        c1_0.paciente_id 
    from
        cita c1_0 
    join
        medico m1_0 
            on m1_0.id=c1_0.medico_id 
    where
        m1_0.id=? 
        and c1_0.fecha=? 
        and c1_0.hora=?
Hibernate: 
    insert 
    into
        cita
        (consultorio_id, fecha, hora, medico_id, paciente_id, id) 
    values
        (?, ?, ?, ?, ?, default)
Hibernate: 
    select
        p1_0.id,
        p1_0.apellido,
        p1_0.email,
        p1_0.fecha_nacimiento,
        p1_0.nombre 
    from
        paciente p1_0 
    where
        p1_0.id=?
Hibernate: 
    select
        m1_0.id,
        m1_0.apellido,
        m1_0.especialidad,
        m1_0.nombre 
    from
        medico m1_0 
    where
        m1_0.id=?
Hibernate: 
    select
        c1_0.id,
        c1_0.numero,
        c1_0.piso 
    from
        consultorio c1_0 
    where
        c1_0.id=?
Hibernate: 
    select
        c1_0.id,
        c1_0.consultorio_id,
        c1_0.fecha,
        c1_0.hora,
        c1_0.medico_id,
        c1_0.paciente_id 
    from
        cita c1_0 
    join
        medico m1_0 
            on m1_0.id=c1_0.medico_id 
    where
        m1_0.id=? 
        and c1_0.fecha=? 
        and c1_0.hora=?
Hibernate: 
    insert 
    into
        cita
        (consultorio_id, fecha, hora, medico_id, paciente_id, id) 
    values
        (?, ?, ?, ?, ?, default)
2025-08-15T11:06:29.444-05:00  INFO 3520 --- [citas-api] [           main] o.s.b.w.e.tomcat.GracefulShutdown        : Commencing graceful shutdown. Waiting for active requests to complete
2025-08-15T11:06:29.452-05:00  INFO 3520 --- [citas-api] [tomcat-shutdown] o.s.b.w.e.tomcat.GracefulShutdown        : Graceful shutdown complete
2025-08-15T11:06:29.455-05:00  INFO 3520 --- [citas-api] [           main] j.LocalContainerEntityManagerFactoryBean : Closing JPA EntityManagerFactory for persistence unit 'default'
Hibernate: 
    drop table if exists cita cascade 
Hibernate: 
    drop table if exists consultorio cascade 
Hibernate: 
    drop table if exists medico cascade 
Hibernate: 
    drop table if exists paciente cascade 
2025-08-15T11:06:29.458-05:00  INFO 3520 --- [citas-api] [           main] com.zaxxer.hikari.HikariDataSource       : HikariPool-4 - Shutdown initiated...
2025-08-15T11:06:29.464-05:00  INFO 3520 --- [citas-api] [           main] com.zaxxer.hikari.HikariDataSource       : HikariPool-4 - Shutdown completed.
]]></system-out>
  </testcase>
  <testcase name="citaConflictoMismoMedico" classname="com.example.citas.ApiValidationAndCitaIntegrationTest" time="0.098">
    <system-out><![CDATA[
  .   ____          _            __ _ _
 /\\ / ___'_ __ _ _(_)_ __  __ _ \ \ \ \
( ( )\___ | '_ | '_| | '_ \/ _` | \ \ \ \
 \\/  ___)| |_)| | | | | || (_| |  ) ) ) )
  '  |____| .__|_| |_|_| |_\__, | / / / /
 =========|_|==============|___/=/_/_/_/

 :: Spring Boot ::                (v3.5.4)

2025-08-15T11:06:29.483-05:00  INFO 3520 --- [citas-api] [           main] .e.c.ApiValidationAndCitaIntegrationTest : Starting ApiValidationAndCitaIntegrationTest using Java 24.0.1 with PID 3520 (started by santi in C:\Users\santi\Downloads\Clinica\citas_api)
2025-08-15T11:06:29.483-05:00  INFO 3520 --- [citas-api] [           main] .e.c.ApiValidationAndCitaIntegrationTest : No active profile set, falling back to 1 default profile: "default"
2025-08-15T11:06:29.571-05:00  INFO 3520 --- [citas-api] [           main] .s.d.r.c.RepositoryConfigurationDelegate : Bootstrapping Spring Data JPA repositories in DEFAULT mode.
2025-08-15T11:06:29.580-05:00  INFO 3520 --- [citas-api] [           main] .s.d.r.c.RepositoryConfigurationDelegate : Finished Spring Data repository scanning in 8 ms. Found 4 JPA repository interfaces.
2025-08-15T11:06:29.622-05:00  INFO 3520 --- [citas-api] [           main] o.s.b.w.embedded.tomcat.TomcatWebServer  : Tomcat initialized with port 0 (http)
2025-08-15T11:06:29.623-05:00  INFO 3520 --- [citas-api] [           main] o.apache.catalina.core.StandardService   : Starting service [Tomcat]
2025-08-15T11:06:29.623-05:00  INFO 3520 --- [citas-api] [           main] o.apache.catalina.core.StandardEngine    : Starting Servlet engine: [Apache Tomcat/10.1.43]
2025-08-15T11:06:29.639-05:00  INFO 3520 --- [citas-api] [           main] o.a.c.c.C.[Tomcat].[localhost].[/]       : Initializing Spring embedded WebApplicationContext
2025-08-15T11:06:29.640-05:00  INFO 3520 --- [citas-api] [           main] w.s.c.ServletWebServerApplicationContext : Root WebApplicationContext: initialization completed in 156 ms
2025-08-15T11:06:29.659-05:00  INFO 3520 --- [citas-api] [           main] o.hibernate.jpa.internal.util.LogHelper  : HHH000204: Processing PersistenceUnitInfo [name: default]
2025-08-15T11:06:29.661-05:00  INFO 3520 --- [citas-api] [           main] o.h.c.internal.RegionFactoryInitiator    : HHH000026: Second-level cache disabled
2025-08-15T11:06:29.666-05:00  INFO 3520 --- [citas-api] [           main] o.s.o.j.p.SpringPersistenceUnitInfo      : No LoadTimeWeaver setup: ignoring JPA class transformer
2025-08-15T11:06:29.666-05:00  INFO 3520 --- [citas-api] [           main] com.zaxxer.hikari.HikariDataSource       : HikariPool-5 - Starting...
2025-08-15T11:06:29.668-05:00  INFO 3520 --- [citas-api] [           main] com.zaxxer.hikari.pool.HikariPool        : HikariPool-5 - Added connection conn36: url=jdbc:h2:mem:testdb user=SA
2025-08-15T11:06:29.668-05:00  INFO 3520 --- [citas-api] [           main] com.zaxxer.hikari.HikariDataSource       : HikariPool-5 - Start completed.
2025-08-15T11:06:29.669-05:00  WARN 3520 --- [citas-api] [           main] org.hibernate.orm.deprecation            : HHH90000025: H2Dialect does not need to be specified explicitly using 'hibernate.dialect' (remove the property setting and it will be selected by default)
2025-08-15T11:06:29.669-05:00  INFO 3520 --- [citas-api] [           main] org.hibernate.orm.connections.pooling    : HHH10001005: Database info:
	Database JDBC URL [Connecting through datasource 'HikariDataSource (HikariPool-5)']
	Database driver: undefined/unknown
	Database version: 2.3.232
	Autocommit mode: undefined/unknown
	Isolation level: undefined/unknown
	Minimum pool size: undefined/unknown
	Maximum pool size: undefined/unknown
2025-08-15T11:06:29.697-05:00  INFO 3520 --- [citas-api] [           main] o.h.e.t.j.p.i.JtaPlatformInitiator       : HHH000489: No JTA platform available (set 'hibernate.transaction.jta.platform' to enable JTA platform integration)
Hibernate: 
    drop table if exists cita cascade 
Hibernate: 
    drop table if exists consultorio cascade 
Hibernate: 
    drop table if exists medico cascade 
Hibernate: 
    drop table if exists paciente cascade 
Hibernate: 
    create table cita (
        fecha date,
        hora time(6),
        consultorio_id bigint not null,
        id bigint generated by default as identity,
        medico_id bigint not null,
        paciente_id bigint not null,
        primary key (id),
        constraint uk_medico_fecha_hora unique (medico_id, fecha, hora)
    )
Hibernate: 
    create table consultorio (
        piso integer,
        id bigint generated by default as identity,
        numero varchar(255) unique,
        primary key (id)
    )
Hibernate: 
    create table medico (
        id bigint generated by default as identity,
        apellido varchar(255),
        especialidad varchar(255),
        nombre varchar(255),
        primary key (id)
    )
Hibernate: 
    create table paciente (
        fecha_nacimiento date,
        id bigint generated by default as identity,
        apellido varchar(255),
        email varchar(255) unique,
        nombre varchar(255),
        primary key (id)
    )
Hibernate: 
    alter table if exists cita 
       add constraint FKdf90y1t11oyx02gw08l69ucxm 
       foreign key (consultorio_id) 
       references consultorio
Hibernate: 
    alter table if exists cita 
       add constraint FKdfrd023l6bdxh9tb21isevvth 
       foreign key (medico_id) 
       references medico
Hibernate: 
    alter table if exists cita 
       add constraint FKdbtp2mwrvqktqu8954d3xaddv 
       foreign key (paciente_id) 
       references paciente
2025-08-15T11:06:29.713-05:00  INFO 3520 --- [citas-api] [           main] j.LocalContainerEntityManagerFactoryBean : Initialized JPA EntityManagerFactory for persistence unit 'default'
2025-08-15T11:06:29.794-05:00  WARN 3520 --- [citas-api] [           main] JpaBaseConfiguration$JpaWebConfiguration : spring.jpa.open-in-view is enabled by default. Therefore, database queries may be performed during view rendering. Explicitly configure spring.jpa.open-in-view to disable this warning
2025-08-15T11:06:29.862-05:00  INFO 3520 --- [citas-api] [           main] o.s.b.w.embedded.tomcat.TomcatWebServer  : Tomcat started on port 59532 (http) with context path '/'
2025-08-15T11:06:29.863-05:00  INFO 3520 --- [citas-api] [           main] .e.c.ApiValidationAndCitaIntegrationTest : Started ApiValidationAndCitaIntegrationTest in 0.395 seconds (process running for 10.157)
2025-08-15T11:06:29.874-05:00  INFO 3520 --- [citas-api] [o-auto-5-exec-1] o.a.c.c.C.[Tomcat].[localhost].[/]       : Initializing Spring DispatcherServlet 'dispatcherServlet'
2025-08-15T11:06:29.874-05:00  INFO 3520 --- [citas-api] [o-auto-5-exec-1] o.s.web.servlet.DispatcherServlet        : Initializing Servlet 'dispatcherServlet'
2025-08-15T11:06:29.875-05:00  INFO 3520 --- [citas-api] [o-auto-5-exec-1] o.s.web.servlet.DispatcherServlet        : Completed initialization in 1 ms
Hibernate: 
    insert 
    into
        paciente
        (apellido, email, fecha_nacimiento, nombre, id) 
    values
        (?, ?, ?, ?, default)
Hibernate: 
    insert 
    into
        medico
        (apellido, especialidad, nombre, id) 
    values
        (?, ?, ?, default)
Hibernate: 
    insert 
    into
        consultorio
        (numero, piso, id) 
    values
        (?, ?, default)
Hibernate: 
    select
        p1_0.id,
        p1_0.apellido,
        p1_0.email,
        p1_0.fecha_nacimiento,
        p1_0.nombre 
    from
        paciente p1_0 
    where
        p1_0.id=?
Hibernate: 
    select
        m1_0.id,
        m1_0.apellido,
        m1_0.especialidad,
        m1_0.nombre 
    from
        medico m1_0 
    where
        m1_0.id=?
Hibernate: 
    select
        c1_0.id,
        c1_0.numero,
        c1_0.piso 
    from
        consultorio c1_0 
    where
        c1_0.id=?
Hibernate: 
    select
        c1_0.id,
        c1_0.consultorio_id,
        c1_0.fecha,
        c1_0.hora,
        c1_0.medico_id,
        c1_0.paciente_id 
    from
        cita c1_0 
    join
        medico m1_0 
            on m1_0.id=c1_0.medico_id 
    where
        m1_0.id=? 
        and c1_0.fecha=? 
        and c1_0.hora=?
Hibernate: 
    insert 
    into
        cita
        (consultorio_id, fecha, hora, medico_id, paciente_id, id) 
    values
        (?, ?, ?, ?, ?, default)
Hibernate: 
    select
        p1_0.id,
        p1_0.apellido,
        p1_0.email,
        p1_0.fecha_nacimiento,
        p1_0.nombre 
    from
        paciente p1_0 
    where
        p1_0.id=?
Hibernate: 
    select
        m1_0.id,
        m1_0.apellido,
        m1_0.especialidad,
        m1_0.nombre 
    from
        medico m1_0 
    where
        m1_0.id=?
Hibernate: 
    select
        c1_0.id,
        c1_0.numero,
        c1_0.piso 
    from
        consultorio c1_0 
    where
        c1_0.id=?
Hibernate: 
    select
        c1_0.id,
        c1_0.consultorio_id,
        c1_0.fecha,
        c1_0.hora,
        c1_0.medico_id,
        c1_0.paciente_id 
    from
        cita c1_0 
    join
        medico m1_0 
            on m1_0.id=c1_0.medico_id 
    where
        m1_0.id=? 
        and c1_0.fecha=? 
        and c1_0.hora=?
2025-08-15T11:06:29.936-05:00  INFO 3520 --- [citas-api] [           main] o.s.b.w.e.tomcat.GracefulShutdown        : Commencing graceful shutdown. Waiting for active requests to complete
2025-08-15T11:06:29.943-05:00  INFO 3520 --- [citas-api] [tomcat-shutdown] o.s.b.w.e.tomcat.GracefulShutdown        : Graceful shutdown complete
2025-08-15T11:06:29.945-05:00  INFO 3520 --- [citas-api] [           main] j.LocalContainerEntityManagerFactoryBean : Closing JPA EntityManagerFactory for persistence unit 'default'
Hibernate: 
    drop table if exists cita cascade 
Hibernate: 
    drop table if exists consultorio cascade 
Hibernate: 
    drop table if exists medico cascade 
Hibernate: 
    drop table if exists paciente cascade 
2025-08-15T11:06:29.947-05:00  INFO 3520 --- [citas-api] [           main] com.zaxxer.hikari.HikariDataSource       : HikariPool-5 - Shutdown initiated...
2025-08-15T11:06:29.960-05:00  INFO 3520 --- [citas-api] [           main] com.zaxxer.hikari.HikariDataSource       : HikariPool-5 - Shutdown completed.
]]></system-out>
  </testcase>
  <testcase name="pacienteNombreEnBlanco" classname="com.example.citas.ApiValidationAndCitaIntegrationTest" time="0.08">
    <system-out><![CDATA[
  .   ____          _            __ _ _
 /\\ / ___'_ __ _ _(_)_ __  __ _ \ \ \ \
( ( )\___ | '_ | '_| | '_ \/ _` | \ \ \ \
 \\/  ___)| |_)| | | | | || (_| |  ) ) ) )
  '  |____| .__|_| |_|_| |_\__, | / / / /
 =========|_|==============|___/=/_/_/_/

 :: Spring Boot ::                (v3.5.4)

2025-08-15T11:06:29.980-05:00  INFO 3520 --- [citas-api] [           main] .e.c.ApiValidationAndCitaIntegrationTest : Starting ApiValidationAndCitaIntegrationTest using Java 24.0.1 with PID 3520 (started by santi in C:\Users\santi\Downloads\Clinica\citas_api)
2025-08-15T11:06:29.980-05:00  INFO 3520 --- [citas-api] [           main] .e.c.ApiValidationAndCitaIntegrationTest : No active profile set, falling back to 1 default profile: "default"
2025-08-15T11:06:30.073-05:00  INFO 3520 --- [citas-api] [           main] .s.d.r.c.RepositoryConfigurationDelegate : Bootstrapping Spring Data JPA repositories in DEFAULT mode.
2025-08-15T11:06:30.083-05:00  INFO 3520 --- [citas-api] [           main] .s.d.r.c.RepositoryConfigurationDelegate : Finished Spring Data repository scanning in 9 ms. Found 4 JPA repository interfaces.
2025-08-15T11:06:30.117-05:00  INFO 3520 --- [citas-api] [           main] o.s.b.w.embedded.tomcat.TomcatWebServer  : Tomcat initialized with port 0 (http)
2025-08-15T11:06:30.119-05:00  INFO 3520 --- [citas-api] [           main] o.apache.catalina.core.StandardService   : Starting service [Tomcat]
2025-08-15T11:06:30.119-05:00  INFO 3520 --- [citas-api] [           main] o.apache.catalina.core.StandardEngine    : Starting Servlet engine: [Apache Tomcat/10.1.43]
2025-08-15T11:06:30.140-05:00  INFO 3520 --- [citas-api] [           main] o.a.c.c.C.[Tomcat].[localhost].[/]       : Initializing Spring embedded WebApplicationContext
2025-08-15T11:06:30.140-05:00  INFO 3520 --- [citas-api] [           main] w.s.c.ServletWebServerApplicationContext : Root WebApplicationContext: initialization completed in 158 ms
2025-08-15T11:06:30.160-05:00  INFO 3520 --- [citas-api] [           main] o.hibernate.jpa.internal.util.LogHelper  : HHH000204: Processing PersistenceUnitInfo [name: default]
2025-08-15T11:06:30.162-05:00  INFO 3520 --- [citas-api] [           main] o.h.c.internal.RegionFactoryInitiator    : HHH000026: Second-level cache disabled
2025-08-15T11:06:30.170-05:00  INFO 3520 --- [citas-api] [           main] o.s.o.j.p.SpringPersistenceUnitInfo      : No LoadTimeWeaver setup: ignoring JPA class transformer
2025-08-15T11:06:30.171-05:00  INFO 3520 --- [citas-api] [           main] com.zaxxer.hikari.HikariDataSource       : HikariPool-6 - Starting...
2025-08-15T11:06:30.173-05:00  INFO 3520 --- [citas-api] [           main] com.zaxxer.hikari.pool.HikariPool        : HikariPool-6 - Added connection conn43: url=jdbc:h2:mem:testdb user=SA
2025-08-15T11:06:30.174-05:00  INFO 3520 --- [citas-api] [           main] com.zaxxer.hikari.HikariDataSource       : HikariPool-6 - Start completed.
2025-08-15T11:06:30.174-05:00  WARN 3520 --- [citas-api] [           main] org.hibernate.orm.deprecation            : HHH90000025: H2Dialect does not need to be specified explicitly using 'hibernate.dialect' (remove the property setting and it will be selected by default)
2025-08-15T11:06:30.175-05:00  INFO 3520 --- [citas-api] [           main] org.hibernate.orm.connections.pooling    : HHH10001005: Database info:
	Database JDBC URL [Connecting through datasource 'HikariDataSource (HikariPool-6)']
	Database driver: undefined/unknown
	Database version: 2.3.232
	Autocommit mode: undefined/unknown
	Isolation level: undefined/unknown
	Minimum pool size: undefined/unknown
	Maximum pool size: undefined/unknown
2025-08-15T11:06:30.203-05:00  INFO 3520 --- [citas-api] [           main] o.h.e.t.j.p.i.JtaPlatformInitiator       : HHH000489: No JTA platform available (set 'hibernate.transaction.jta.platform' to enable JTA platform integration)
Hibernate: 
    drop table if exists cita cascade 
Hibernate: 
    drop table if exists consultorio cascade 
Hibernate: 
    drop table if exists medico cascade 
Hibernate: 
    drop table if exists paciente cascade 
Hibernate: 
    create table cita (
        fecha date,
        hora time(6),
        consultorio_id bigint not null,
        id bigint generated by default as identity,
        medico_id bigint not null,
        paciente_id bigint not null,
        primary key (id),
        constraint uk_medico_fecha_hora unique (medico_id, fecha, hora)
    )
Hibernate: 
    create table consultorio (
        piso integer,
        id bigint generated by default as identity,
        numero varchar(255) unique,
        primary key (id)
    )
Hibernate: 
    create table medico (
        id bigint generated by default as identity,
        apellido varchar(255),
        especialidad varchar(255),
        nombre varchar(255),
        primary key (id)
    )
Hibernate: 
    create table paciente (
        fecha_nacimiento date,
        id bigint generated by default as identity,
        apellido varchar(255),
        email varchar(255) unique,
        nombre varchar(255),
        primary key (id)
    )
Hibernate: 
    alter table if exists cita 
       add constraint FKdf90y1t11oyx02gw08l69ucxm 
       foreign key (consultorio_id) 
       references consultorio
Hibernate: 
    alter table if exists cita 
       add constraint FKdfrd023l6bdxh9tb21isevvth 
       foreign key (medico_id) 
       references medico
Hibernate: 
    alter table if exists cita 
       add constraint FKdbtp2mwrvqktqu8954d3xaddv 
       foreign key (paciente_id) 
       references paciente
2025-08-15T11:06:30.210-05:00  INFO 3520 --- [citas-api] [           main] j.LocalContainerEntityManagerFactoryBean : Initialized JPA EntityManagerFactory for persistence unit 'default'
2025-08-15T11:06:30.261-05:00  WARN 3520 --- [citas-api] [           main] JpaBaseConfiguration$JpaWebConfiguration : spring.jpa.open-in-view is enabled by default. Therefore, database queries may be performed during view rendering. Explicitly configure spring.jpa.open-in-view to disable this warning
2025-08-15T11:06:30.323-05:00  INFO 3520 --- [citas-api] [           main] o.s.b.w.embedded.tomcat.TomcatWebServer  : Tomcat started on port 59535 (http) with context path '/'
2025-08-15T11:06:30.325-05:00  INFO 3520 --- [citas-api] [           main] .e.c.ApiValidationAndCitaIntegrationTest : Started ApiValidationAndCitaIntegrationTest in 0.361 seconds (process running for 10.618)
2025-08-15T11:06:30.333-05:00  INFO 3520 --- [citas-api] [o-auto-6-exec-1] o.a.c.c.C.[Tomcat].[localhost].[/]       : Initializing Spring DispatcherServlet 'dispatcherServlet'
2025-08-15T11:06:30.333-05:00  INFO 3520 --- [citas-api] [o-auto-6-exec-1] o.s.web.servlet.DispatcherServlet        : Initializing Servlet 'dispatcherServlet'
2025-08-15T11:06:30.333-05:00  INFO 3520 --- [citas-api] [o-auto-6-exec-1] o.s.web.servlet.DispatcherServlet        : Completed initialization in 0 ms
2025-08-15T11:06:30.366-05:00  INFO 3520 --- [citas-api] [           main] o.s.b.w.e.tomcat.GracefulShutdown        : Commencing graceful shutdown. Waiting for active requests to complete
2025-08-15T11:06:30.377-05:00  INFO 3520 --- [citas-api] [tomcat-shutdown] o.s.b.w.e.tomcat.GracefulShutdown        : Graceful shutdown complete
2025-08-15T11:06:30.379-05:00  INFO 3520 --- [citas-api] [           main] j.LocalContainerEntityManagerFactoryBean : Closing JPA EntityManagerFactory for persistence unit 'default'
Hibernate: 
    drop table if exists cita cascade 
Hibernate: 
    drop table if exists consultorio cascade 
Hibernate: 
    drop table if exists medico cascade 
Hibernate: 
    drop table if exists paciente cascade 
2025-08-15T11:06:30.381-05:00  INFO 3520 --- [citas-api] [           main] com.zaxxer.hikari.HikariDataSource       : HikariPool-6 - Shutdown initiated...
2025-08-15T11:06:30.402-05:00  INFO 3520 --- [citas-api] [           main] com.zaxxer.hikari.HikariDataSource       : HikariPool-6 - Shutdown completed.
]]></system-out>
  </testcase>
  <testcase name="pacienteValidacionInvalida" classname="com.example.citas.ApiValidationAndCitaIntegrationTest" time="0.055">
    <system-out><![CDATA[
  .   ____          _            __ _ _
 /\\ / ___'_ __ _ _(_)_ __  __ _ \ \ \ \
( ( )\___ | '_ | '_| | '_ \/ _` | \ \ \ \
 \\/  ___)| |_)| | | | | || (_| |  ) ) ) )
  '  |____| .__|_| |_|_| |_\__, | / / / /
 =========|_|==============|___/=/_/_/_/

 :: Spring Boot ::                (v3.5.4)

2025-08-15T11:06:30.424-05:00  INFO 3520 --- [citas-api] [           main] .e.c.ApiValidationAndCitaIntegrationTest : Starting ApiValidationAndCitaIntegrationTest using Java 24.0.1 with PID 3520 (started by santi in C:\Users\santi\Downloads\Clinica\citas_api)
2025-08-15T11:06:30.424-05:00  INFO 3520 --- [citas-api] [           main] .e.c.ApiValidationAndCitaIntegrationTest : No active profile set, falling back to 1 default profile: "default"
2025-08-15T11:06:30.540-05:00  INFO 3520 --- [citas-api] [           main] .s.d.r.c.RepositoryConfigurationDelegate : Bootstrapping Spring Data JPA repositories in DEFAULT mode.
2025-08-15T11:06:30.552-05:00  INFO 3520 --- [citas-api] [           main] .s.d.r.c.RepositoryConfigurationDelegate : Finished Spring Data repository scanning in 11 ms. Found 4 JPA repository interfaces.
2025-08-15T11:06:30.611-05:00  INFO 3520 --- [citas-api] [           main] o.s.b.w.embedded.tomcat.TomcatWebServer  : Tomcat initialized with port 0 (http)
2025-08-15T11:06:30.612-05:00  INFO 3520 --- [citas-api] [           main] o.apache.catalina.core.StandardService   : Starting service [Tomcat]
2025-08-15T11:06:30.612-05:00  INFO 3520 --- [citas-api] [           main] o.apache.catalina.core.StandardEngine    : Starting Servlet engine: [Apache Tomcat/10.1.43]
2025-08-15T11:06:30.632-05:00  INFO 3520 --- [citas-api] [           main] o.a.c.c.C.[Tomcat].[localhost].[/]       : Initializing Spring embedded WebApplicationContext
2025-08-15T11:06:30.633-05:00  INFO 3520 --- [citas-api] [           main] w.s.c.ServletWebServerApplicationContext : Root WebApplicationContext: initialization completed in 208 ms
2025-08-15T11:06:30.654-05:00  INFO 3520 --- [citas-api] [           main] o.hibernate.jpa.internal.util.LogHelper  : HHH000204: Processing PersistenceUnitInfo [name: default]
2025-08-15T11:06:30.656-05:00  INFO 3520 --- [citas-api] [           main] o.h.c.internal.RegionFactoryInitiator    : HHH000026: Second-level cache disabled
2025-08-15T11:06:30.661-05:00  INFO 3520 --- [citas-api] [           main] o.s.o.j.p.SpringPersistenceUnitInfo      : No LoadTimeWeaver setup: ignoring JPA class transformer
2025-08-15T11:06:30.662-05:00  INFO 3520 --- [citas-api] [           main] com.zaxxer.hikari.HikariDataSource       : HikariPool-7 - Starting...
2025-08-15T11:06:30.664-05:00  INFO 3520 --- [citas-api] [           main] com.zaxxer.hikari.pool.HikariPool        : HikariPool-7 - Added connection conn48: url=jdbc:h2:mem:testdb user=SA
2025-08-15T11:06:30.665-05:00  INFO 3520 --- [citas-api] [           main] com.zaxxer.hikari.HikariDataSource       : HikariPool-7 - Start completed.
2025-08-15T11:06:30.665-05:00  WARN 3520 --- [citas-api] [           main] org.hibernate.orm.deprecation            : HHH90000025: H2Dialect does not need to be specified explicitly using 'hibernate.dialect' (remove the property setting and it will be selected by default)
2025-08-15T11:06:30.665-05:00  INFO 3520 --- [citas-api] [           main] org.hibernate.orm.connections.pooling    : HHH10001005: Database info:
	Database JDBC URL [Connecting through datasource 'HikariDataSource (HikariPool-7)']
	Database driver: undefined/unknown
	Database version: 2.3.232
	Autocommit mode: undefined/unknown
	Isolation level: undefined/unknown
	Minimum pool size: undefined/unknown
	Maximum pool size: undefined/unknown
2025-08-15T11:06:30.701-05:00  INFO 3520 --- [citas-api] [           main] o.h.e.t.j.p.i.JtaPlatformInitiator       : HHH000489: No JTA platform available (set 'hibernate.transaction.jta.platform' to enable JTA platform integration)
Hibernate: 
    drop table if exists cita cascade 
Hibernate: 
    drop table if exists consultorio cascade 
Hibernate: 
    drop table if exists medico cascade 
Hibernate: 
    drop table if exists paciente cascade 
Hibernate: 
    create table cita (
        fecha date,
        hora time(6),
        consultorio_id bigint not null,
        id bigint generated by default as identity,
        medico_id bigint not null,
        paciente_id bigint not null,
        primary key (id),
        constraint uk_medico_fecha_hora unique (medico_id, fecha, hora)
    )
Hibernate: 
    create table consultorio (
        piso integer,
        id bigint generated by default as identity,
        numero varchar(255) unique,
        primary key (id)
    )
Hibernate: 
    create table medico (
        id bigint generated by default as identity,
        apellido varchar(255),
        especialidad varchar(255),
        nombre varchar(255),
        primary key (id)
    )
Hibernate: 
    create table paciente (
        fecha_nacimiento date,
        id bigint generated by default as identity,
        apellido varchar(255),
        email varchar(255) unique,
        nombre varchar(255),
        primary key (id)
    )
Hibernate: 
    alter table if exists cita 
       add constraint FKdf90y1t11oyx02gw08l69ucxm 
       foreign key (consultorio_id) 
       references consultorio
Hibernate: 
    alter table if exists cita 
       add constraint FKdfrd023l6bdxh9tb21isevvth 
       foreign key (medico_id) 
       references medico
Hibernate: 
    alter table if exists cita 
       add constraint FKdbtp2mwrvqktqu8954d3xaddv 
       foreign key (paciente_id) 
       references paciente
2025-08-15T11:06:30.710-05:00  INFO 3520 --- [citas-api] [           main] j.LocalContainerEntityManagerFactoryBean : Initialized JPA EntityManagerFactory for persistence unit 'default'
2025-08-15T11:06:30.758-05:00  WARN 3520 --- [citas-api] [           main] JpaBaseConfiguration$JpaWebConfiguration : spring.jpa.open-in-view is enabled by default. Therefore, database queries may be performed during view rendering. Explicitly configure spring.jpa.open-in-view to disable this warning
2025-08-15T11:06:30.831-05:00  INFO 3520 --- [citas-api] [           main] o.s.b.w.embedded.tomcat.TomcatWebServer  : Tomcat started on port 59540 (http) with context path '/'
2025-08-15T11:06:30.840-05:00  INFO 3520 --- [citas-api] [           main] .e.c.ApiValidationAndCitaIntegrationTest : Started ApiValidationAndCitaIntegrationTest in 0.432 seconds (process running for 11.133)
2025-08-15T11:06:30.848-05:00  INFO 3520 --- [citas-api] [o-auto-7-exec-1] o.a.c.c.C.[Tomcat].[localhost].[/]       : Initializing Spring DispatcherServlet 'dispatcherServlet'
2025-08-15T11:06:30.848-05:00  INFO 3520 --- [citas-api] [o-auto-7-exec-1] o.s.web.servlet.DispatcherServlet        : Initializing Servlet 'dispatcherServlet'
2025-08-15T11:06:30.849-05:00  INFO 3520 --- [citas-api] [o-auto-7-exec-1] o.s.web.servlet.DispatcherServlet        : Completed initialization in 1 ms
2025-08-15T11:06:30.866-05:00  INFO 3520 --- [citas-api] [           main] o.s.b.w.e.tomcat.GracefulShutdown        : Commencing graceful shutdown. Waiting for active requests to complete
2025-08-15T11:06:30.874-05:00  INFO 3520 --- [citas-api] [tomcat-shutdown] o.s.b.w.e.tomcat.GracefulShutdown        : Graceful shutdown complete
2025-08-15T11:06:30.875-05:00  INFO 3520 --- [citas-api] [           main] j.LocalContainerEntityManagerFactoryBean : Closing JPA EntityManagerFactory for persistence unit 'default'
Hibernate: 
    drop table if exists cita cascade 
Hibernate: 
    drop table if exists consultorio cascade 
Hibernate: 
    drop table if exists medico cascade 
Hibernate: 
    drop table if exists paciente cascade 
2025-08-15T11:06:30.878-05:00  INFO 3520 --- [citas-api] [           main] com.zaxxer.hikari.HikariDataSource       : HikariPool-7 - Shutdown initiated...
2025-08-15T11:06:30.892-05:00  INFO 3520 --- [citas-api] [           main] com.zaxxer.hikari.HikariDataSource       : HikariPool-7 - Shutdown completed.
]]></system-out>
  </testcase>
  <testcase name="consultorioInvalido" classname="com.example.citas.ApiValidationAndCitaIntegrationTest" time="0.064">
    <system-out><![CDATA[
  .   ____          _            __ _ _
 /\\ / ___'_ __ _ _(_)_ __  __ _ \ \ \ \
( ( )\___ | '_ | '_| | '_ \/ _` | \ \ \ \
 \\/  ___)| |_)| | | | | || (_| |  ) ) ) )
  '  |____| .__|_| |_|_| |_\__, | / / / /
 =========|_|==============|___/=/_/_/_/

 :: Spring Boot ::                (v3.5.4)

2025-08-15T11:06:30.915-05:00  INFO 3520 --- [citas-api] [           main] .e.c.ApiValidationAndCitaIntegrationTest : Starting ApiValidationAndCitaIntegrationTest using Java 24.0.1 with PID 3520 (started by santi in C:\Users\santi\Downloads\Clinica\citas_api)
2025-08-15T11:06:30.916-05:00  INFO 3520 --- [citas-api] [           main] .e.c.ApiValidationAndCitaIntegrationTest : No active profile set, falling back to 1 default profile: "default"
2025-08-15T11:06:31.029-05:00  INFO 3520 --- [citas-api] [           main] .s.d.r.c.RepositoryConfigurationDelegate : Bootstrapping Spring Data JPA repositories in DEFAULT mode.
2025-08-15T11:06:31.042-05:00  INFO 3520 --- [citas-api] [           main] .s.d.r.c.RepositoryConfigurationDelegate : Finished Spring Data repository scanning in 12 ms. Found 4 JPA repository interfaces.
2025-08-15T11:06:31.084-05:00  INFO 3520 --- [citas-api] [           main] o.s.b.w.embedded.tomcat.TomcatWebServer  : Tomcat initialized with port 0 (http)
2025-08-15T11:06:31.085-05:00  INFO 3520 --- [citas-api] [           main] o.apache.catalina.core.StandardService   : Starting service [Tomcat]
2025-08-15T11:06:31.086-05:00  INFO 3520 --- [citas-api] [           main] o.apache.catalina.core.StandardEngine    : Starting Servlet engine: [Apache Tomcat/10.1.43]
2025-08-15T11:06:31.104-05:00  INFO 3520 --- [citas-api] [           main] o.a.c.c.C.[Tomcat].[localhost].[/]       : Initializing Spring embedded WebApplicationContext
2025-08-15T11:06:31.104-05:00  INFO 3520 --- [citas-api] [           main] w.s.c.ServletWebServerApplicationContext : Root WebApplicationContext: initialization completed in 188 ms
2025-08-15T11:06:31.128-05:00  INFO 3520 --- [citas-api] [           main] o.hibernate.jpa.internal.util.LogHelper  : HHH000204: Processing PersistenceUnitInfo [name: default]
2025-08-15T11:06:31.130-05:00  INFO 3520 --- [citas-api] [           main] o.h.c.internal.RegionFactoryInitiator    : HHH000026: Second-level cache disabled
2025-08-15T11:06:31.136-05:00  INFO 3520 --- [citas-api] [           main] o.s.o.j.p.SpringPersistenceUnitInfo      : No LoadTimeWeaver setup: ignoring JPA class transformer
2025-08-15T11:06:31.137-05:00  INFO 3520 --- [citas-api] [           main] com.zaxxer.hikari.HikariDataSource       : HikariPool-8 - Starting...
2025-08-15T11:06:31.140-05:00  INFO 3520 --- [citas-api] [           main] com.zaxxer.hikari.pool.HikariPool        : HikariPool-8 - Added connection conn53: url=jdbc:h2:mem:testdb user=SA
2025-08-15T11:06:31.140-05:00  INFO 3520 --- [citas-api] [           main] com.zaxxer.hikari.HikariDataSource       : HikariPool-8 - Start completed.
2025-08-15T11:06:31.140-05:00  WARN 3520 --- [citas-api] [           main] org.hibernate.orm.deprecation            : HHH90000025: H2Dialect does not need to be specified explicitly using 'hibernate.dialect' (remove the property setting and it will be selected by default)
2025-08-15T11:06:31.141-05:00  INFO 3520 --- [citas-api] [           main] org.hibernate.orm.connections.pooling    : HHH10001005: Database info:
	Database JDBC URL [Connecting through datasource 'HikariDataSource (HikariPool-8)']
	Database driver: undefined/unknown
	Database version: 2.3.232
	Autocommit mode: undefined/unknown
	Isolation level: undefined/unknown
	Minimum pool size: undefined/unknown
	Maximum pool size: undefined/unknown
2025-08-15T11:06:31.174-05:00  INFO 3520 --- [citas-api] [           main] o.h.e.t.j.p.i.JtaPlatformInitiator       : HHH000489: No JTA platform available (set 'hibernate.transaction.jta.platform' to enable JTA platform integration)
Hibernate: 
    drop table if exists cita cascade 
Hibernate: 
    drop table if exists consultorio cascade 
Hibernate: 
    drop table if exists medico cascade 
Hibernate: 
    drop table if exists paciente cascade 
Hibernate: 
    create table cita (
        fecha date,
        hora time(6),
        consultorio_id bigint not null,
        id bigint generated by default as identity,
        medico_id bigint not null,
        paciente_id bigint not null,
        primary key (id),
        constraint uk_medico_fecha_hora unique (medico_id, fecha, hora)
    )
Hibernate: 
    create table consultorio (
        piso integer,
        id bigint generated by default as identity,
        numero varchar(255) unique,
        primary key (id)
    )
Hibernate: 
    create table medico (
        id bigint generated by default as identity,
        apellido varchar(255),
        especialidad varchar(255),
        nombre varchar(255),
        primary key (id)
    )
Hibernate: 
    create table paciente (
        fecha_nacimiento date,
        id bigint generated by default as identity,
        apellido varchar(255),
        email varchar(255) unique,
        nombre varchar(255),
        primary key (id)
    )
Hibernate: 
    alter table if exists cita 
       add constraint FKdf90y1t11oyx02gw08l69ucxm 
       foreign key (consultorio_id) 
       references consultorio
Hibernate: 
    alter table if exists cita 
       add constraint FKdfrd023l6bdxh9tb21isevvth 
       foreign key (medico_id) 
       references medico
Hibernate: 
    alter table if exists cita 
       add constraint FKdbtp2mwrvqktqu8954d3xaddv 
       foreign key (paciente_id) 
       references paciente
2025-08-15T11:06:31.181-05:00  INFO 3520 --- [citas-api] [           main] j.LocalContainerEntityManagerFactoryBean : Initialized JPA EntityManagerFactory for persistence unit 'default'
2025-08-15T11:06:31.227-05:00  WARN 3520 --- [citas-api] [           main] JpaBaseConfiguration$JpaWebConfiguration : spring.jpa.open-in-view is enabled by default. Therefore, database queries may be performed during view rendering. Explicitly configure spring.jpa.open-in-view to disable this warning
2025-08-15T11:06:31.271-05:00  INFO 3520 --- [citas-api] [           main] o.s.b.w.embedded.tomcat.TomcatWebServer  : Tomcat started on port 59543 (http) with context path '/'
2025-08-15T11:06:31.273-05:00  INFO 3520 --- [citas-api] [           main] .e.c.ApiValidationAndCitaIntegrationTest : Started ApiValidationAndCitaIntegrationTest in 0.375 seconds (process running for 11.567)
2025-08-15T11:06:31.279-05:00  INFO 3520 --- [citas-api] [o-auto-8-exec-1] o.a.c.c.C.[Tomcat].[localhost].[/]       : Initializing Spring DispatcherServlet 'dispatcherServlet'
2025-08-15T11:06:31.280-05:00  INFO 3520 --- [citas-api] [o-auto-8-exec-1] o.s.web.servlet.DispatcherServlet        : Initializing Servlet 'dispatcherServlet'
2025-08-15T11:06:31.280-05:00  INFO 3520 --- [citas-api] [o-auto-8-exec-1] o.s.web.servlet.DispatcherServlet        : Completed initialization in 0 ms
2025-08-15T11:06:31.297-05:00  INFO 3520 --- [citas-api] [           main] o.s.b.w.e.tomcat.GracefulShutdown        : Commencing graceful shutdown. Waiting for active requests to complete
2025-08-15T11:06:31.304-05:00  INFO 3520 --- [citas-api] [tomcat-shutdown] o.s.b.w.e.tomcat.GracefulShutdown        : Graceful shutdown complete
2025-08-15T11:06:31.307-05:00  INFO 3520 --- [citas-api] [           main] j.LocalContainerEntityManagerFactoryBean : Closing JPA EntityManagerFactory for persistence unit 'default'
Hibernate: 
    drop table if exists cita cascade 
Hibernate: 
    drop table if exists consultorio cascade 
Hibernate: 
    drop table if exists medico cascade 
Hibernate: 
    drop table if exists paciente cascade 
2025-08-15T11:06:31.309-05:00  INFO 3520 --- [citas-api] [           main] com.zaxxer.hikari.HikariDataSource       : HikariPool-8 - Shutdown initiated...
2025-08-15T11:06:31.336-05:00  INFO 3520 --- [citas-api] [           main] com.zaxxer.hikari.HikariDataSource       : HikariPool-8 - Shutdown completed.
]]></system-out>
  </testcase>
</testsuite>